0,status,1,POSSESSED,ALIVE,Sample5
0,status,2,VILLAGER,ALIVE,Sample4
0,status,3,VILLAGER,ALIVE,Sample3
0,status,4,SEER,ALIVE,Sample2
0,status,5,WEREWOLF,ALIVE,Sample1
0,divine,4,5,WEREWOLF
1,status,1,POSSESSED,ALIVE,Sample5
1,status,2,VILLAGER,ALIVE,Sample4
1,status,3,VILLAGER,ALIVE,Sample3
1,status,4,SEER,ALIVE,Sample2
1,status,5,WEREWOLF,ALIVE,Sample1
1,talk,0,0,2,Skip
1,talk,1,0,1,Skip
1,talk,2,0,5,Skip
1,talk,3,0,3,Skip
1,talk,4,0,4,COMINGOUT Agent[04] SEER
1,talk,5,1,3,Skip
1,talk,6,1,1,COMINGOUT Agent[01] SEER
1,talk,7,1,5,Skip
1,talk,8,1,4,DAY 1 (DIVINED Agent[05] WEREWOLF)
1,talk,9,1,2,Skip
1,talk,10,2,4,BECAUSE (DAY 1 (DIVINED Agent[05] WEREWOLF)) (REQUEST ANY (VOTE Agent[05]))
1,talk,11,2,2,AND (VOTE Agent[04]) (REQUEST ANY (VOTE Agent[04]))
1,talk,12,2,1,DAY 1 (DIVINED Agent[04] WEREWOLF)
1,talk,13,2,5,BECAUSE (AND (COMINGOUT Agent[05] VILLAGER) (DAY 1 (Agent[04] DIVINED Agent[05] WEREWOLF))) (XOR (ESTIMATE Agent[04] WEREWOLF) (ESTIMATE Agent[04] POSSESSED))
1,talk,14,2,3,AND (VOTE Agent[02]) (REQUEST ANY (VOTE Agent[02]))
1,talk,15,3,1,BECAUSE (DAY 1 (DIVINED Agent[04] WEREWOLF)) (REQUEST ANY (VOTE Agent[04]))
1,talk,16,3,2,AND (VOTE Agent[02]) (REQUEST ANY (VOTE Agent[02]))
1,talk,17,3,4,BECAUSE (DAY 1 (DIVINED Agent[05] WEREWOLF)) (AND (VOTE Agent[05]) (REQUEST ANY (VOTE Agent[05])))
1,talk,18,3,5,BECAUSE (XOR (ESTIMATE Agent[04] WEREWOLF) (ESTIMATE Agent[04] POSSESSED)) (AND (VOTE Agent[04]) (REQUEST ANY (VOTE Agent[04])))
1,talk,19,3,3,AND (VOTE Agent[04]) (REQUEST ANY (VOTE Agent[04]))
1,talk,20,4,2,AND (VOTE Agent[04]) (REQUEST ANY (VOTE Agent[04]))
1,talk,21,4,3,AND (VOTE Agent[02]) (REQUEST ANY (VOTE Agent[02]))
1,talk,22,4,1,BECAUSE (DAY 1 (DIVINED Agent[04] WEREWOLF)) (AND (VOTE Agent[04]) (REQUEST ANY (VOTE Agent[04])))
1,talk,23,4,5,Skip
1,talk,24,4,4,Skip
1,talk,25,5,3,AND (VOTE Agent[05]) (REQUEST ANY (VOTE Agent[05]))
1,talk,26,5,5,Skip
1,talk,27,5,1,Skip
1,talk,28,5,4,Skip
1,talk,29,5,2,Skip
1,talk,30,6,5,Over
1,talk,31,6,4,Over
1,talk,32,6,1,Skip
1,talk,33,6,3,Skip
1,talk,34,6,2,Skip
1,talk,35,7,4,Over
1,talk,36,7,3,Skip
1,talk,37,7,5,Over
1,talk,38,7,1,Over
1,talk,39,7,2,Over
1,talk,40,8,4,Over
1,talk,41,8,1,Over
1,talk,42,8,3,Over
1,talk,43,8,5,Over
1,talk,44,8,2,Over
1,vote,1,4
1,vote,2,4
1,vote,3,5
1,vote,4,5
1,vote,5,4
1,execute,4,SEER
1,attackVote,5,2
1,attack,2,true
2,status,1,POSSESSED,ALIVE,Sample5
2,status,2,VILLAGER,DEAD,Sample4
2,status,3,VILLAGER,ALIVE,Sample3
2,status,4,SEER,DEAD,Sample2
2,status,5,WEREWOLF,ALIVE,Sample1
2,talk,0,0,3,Skip
2,talk,1,0,1,DAY 2 (DIVINED Agent[05] HUMAN)
2,talk,2,0,5,Skip
2,talk,3,1,1,Skip
2,talk,4,1,5,Skip
2,talk,5,1,3,Skip
2,talk,6,2,1,AND (VOTE Agent[03]) (REQUEST ANY (VOTE Agent[03]))
2,talk,7,2,5,AND (VOTE Agent[03]) (REQUEST ANY (VOTE Agent[03]))
2,talk,8,2,3,AND (VOTE Agent[05]) (REQUEST ANY (VOTE Agent[05]))
2,talk,9,3,5,Skip
2,talk,10,3,3,AND (VOTE Agent[03]) (REQUEST ANY (VOTE Agent[03]))
2,talk,11,3,1,Skip
2,talk,12,4,1,Skip
2,talk,13,4,5,Skip
2,talk,14,4,3,Skip
2,talk,15,5,1,Over
2,talk,16,5,3,Skip
2,talk,17,5,5,Over
2,talk,18,6,1,Over
2,talk,19,6,5,Over
2,talk,20,6,3,Over
2,vote,1,3
2,vote,3,1
2,vote,5,3
2,execute,3,VILLAGER
2,attackVote,5,1
2,attack,1,true
3,status,1,POSSESSED,DEAD,Sample5
3,status,2,VILLAGER,DEAD,Sample4
3,status,3,VILLAGER,DEAD,Sample3
3,status,4,SEER,DEAD,Sample2
3,status,5,WEREWOLF,ALIVE,Sample1
3,result,0,1,WEREWOLF
