0,status,1,VILLAGER,ALIVE,omgyousuck
0,status,2,SEER,ALIVE,omgyousuck
0,status,3,POSSESSED,ALIVE,omgyousuck
0,status,4,VILLAGER,ALIVE,omgyousuck
0,status,5,WEREWOLF,ALIVE,omgyousuck
0,divine,2,5,WEREWOLF
1,status,1,VILLAGER,ALIVE,omgyousuck
1,status,2,SEER,ALIVE,omgyousuck
1,status,3,POSSESSED,ALIVE,omgyousuck
1,status,4,VILLAGER,ALIVE,omgyousuck
1,status,5,WEREWOLF,ALIVE,omgyousuck
1,talk,0,0,4,ESTIMATE Agent[02] WEREWOLF
1,talk,1,0,3,ESTIMATE Agent[05] WEREWOLF
1,talk,2,0,5,ESTIMATE Agent[02] WEREWOLF
1,talk,3,0,2,ESTIMATE Agent[05] WEREWOLF
1,talk,4,0,1,ESTIMATE Agent[02] WEREWOLF
1,talk,5,1,1,VOTE Agent[02]
1,talk,6,1,3,VOTE Agent[05]
1,talk,7,1,2,ESTIMATE Agent[04] WEREWOLF
1,talk,8,1,5,ESTIMATE Agent[03] WEREWOLF
1,talk,9,1,4,VOTE Agent[02]
1,talk,10,2,1,Skip
1,talk,11,2,5,VOTE Agent[03]
1,talk,12,2,3,ESTIMATE Agent[05] WEREWOLF
1,talk,13,2,4,ESTIMATE Agent[02] WEREWOLF
1,talk,14,2,2,VOTE Agent[04]
1,talk,15,3,5,Skip
1,talk,16,3,2,Skip
1,talk,17,3,1,Skip
1,talk,18,3,3,VOTE Agent[05]
1,talk,19,3,4,VOTE Agent[02]
1,talk,20,4,1,Over
1,talk,21,4,4,Skip
1,talk,22,4,3,Skip
1,talk,23,4,5,Skip
1,talk,24,4,2,Skip
1,talk,25,5,5,Over
1,talk,26,5,2,Over
1,talk,27,5,1,Over
1,talk,28,5,3,Skip
1,talk,29,5,4,Skip
1,talk,30,6,3,Over
1,talk,31,6,1,Over
1,talk,32,6,2,Over
1,talk,33,6,5,Over
1,talk,34,6,4,Over
1,vote,1,2
1,vote,2,4
1,vote,3,5
1,vote,4,2
1,vote,5,3
1,execute,2,SEER
1,attackVote,5,3
1,attack,3,true
2,status,1,VILLAGER,ALIVE,omgyousuck
2,status,2,SEER,DEAD,omgyousuck
2,status,3,POSSESSED,DEAD,omgyousuck
2,status,4,VILLAGER,ALIVE,omgyousuck
2,status,5,WEREWOLF,ALIVE,omgyousuck
2,talk,0,0,4,ESTIMATE Agent[05] WEREWOLF
2,talk,1,0,5,ESTIMATE Agent[04] WEREWOLF
2,talk,2,0,1,ESTIMATE Agent[04] WEREWOLF
2,talk,3,1,5,ESTIMATE Agent[04] WEREWOLF
2,talk,4,1,1,VOTE Agent[04]
2,talk,5,1,4,ESTIMATE Agent[05] WEREWOLF
2,talk,6,2,1,Skip
2,talk,7,2,4,VOTE Agent[05]
2,talk,8,2,5,VOTE Agent[04]
2,talk,9,3,1,Skip
2,talk,10,3,4,Skip
2,talk,11,3,5,Skip
2,talk,12,4,1,Over
2,talk,13,4,5,Skip
2,talk,14,4,4,Skip
2,talk,15,5,5,Over
2,talk,16,5,1,Over
2,talk,17,5,4,Over
2,vote,1,4
2,vote,4,5
2,vote,5,4
2,execute,4,VILLAGER
2,attack,1,true
3,status,1,VILLAGER,DEAD,omgyousuck
3,status,2,SEER,DEAD,omgyousuck
3,status,3,POSSESSED,DEAD,omgyousuck
3,status,4,VILLAGER,DEAD,omgyousuck
3,status,5,WEREWOLF,ALIVE,omgyousuck
3,result,0,1,WEREWOLF
